<?xml version="1.0" encoding="UTF-8"?>
<!-- Generated by org.testng.reporters.JUnitReportReporter -->
<testsuite hostname="POOLW42SLPC6800" failures="0" tests="7" name="testNGpractice.AnnotationsDemo" time="59.798" errors="0" timestamp="2022-05-13T10:26:45 IST" skipped="1">
  <testcase classname="testNGpractice.AnnotationsDemo" name="signUp" time="20.336"/>
  <system-out/>
  <testcase classname="testNGpractice.AnnotationsDemo" name="logout" time="9.487"/>
  <system-out/>
  <testcase classname="testNGpractice.AnnotationsDemo" name="checkLogin" time="12.435"/>
  <system-out>
    <![CDATA[The Username data "User61@gmail.com" is Entered
The Password data "TestUser123" is Entered]]>
  </system-out>
  <testcase classname="testNGpractice.AnnotationsDemo" name="testCurrentUrl" time="0.201"/>
  <system-out/>
  <testcase classname="testNGpractice.AnnotationsDemo" name="finallogout" time="17.224"/>
  <system-out/>
  <testcase classname="testNGpractice.AnnotationsDemo" name="invocationcountShowCaseMethod" time="0.115"/>
  <system-out/>
  <testcase classname="testNGpractice.AnnotationsDemo" name="skipMethod">
    <skipped/>
  </testcase> <!-- skipMethod -->
  <system-out/>
</testsuite> <!-- testNGpractice.AnnotationsDemo -->
