<?xml version="1.0" encoding="UTF-8"?>
<!-- Generated by org.testng.reporters.JUnitReportReporter -->
<testsuite hostname="POOLW42SLPC6800" failures="0" tests="5" name="testNGdemo.GroupingInTestNG" time="0.010" errors="0" timestamp="2022-05-05T13:26:19 IST" skipped="0">
  <testcase classname="testNGdemo.GroupingInTestNG" name="adani" time="0.008"/>
  <system-out/>
  <testcase classname="testNGdemo.GroupingInTestNG" name="hp" time="0.000"/>
  <system-out/>
  <testcase classname="testNGdemo.GroupingInTestNG" name="technip" time="0.000"/>
  <system-out/>
  <testcase classname="testNGdemo.GroupingInTestNG" name="wipro" time="0.001"/>
  <system-out/>
  <testcase classname="testNGdemo.GroupingInTestNG" name="infosys" time="0.001"/>
  <system-out/>
</testsuite> <!-- testNGdemo.GroupingInTestNG -->
