<?xml version="1.0" encoding="UTF-8"?>
<!-- Generated by org.testng.reporters.JUnitReportReporter -->
<testsuite hostname="POOLW42SLPC6800" failures="0" tests="2" name="testNGdemo.VerifyLoginPage" time="62.882" errors="0" timestamp="2022-05-06T15:48:39 IST" skipped="0">
  <testcase classname="testNGdemo.VerifyLoginPage" name="testcase" time="34.418"/>
  <system-out>
    <![CDATA[student
Password123]]>
  </system-out>
  <testcase classname="testNGdemo.VerifyLoginPage" name="testcase" time="28.464"/>
  <system-out>
    <![CDATA[student
Password123]]>
  </system-out>
</testsuite> <!-- testNGdemo.VerifyLoginPage -->
