<?xml version="1.0" encoding="UTF-8"?>
<!-- Generated by org.testng.reporters.JUnitReportReporter -->
<testsuite hostname="POOLW42SLPC6800" failures="0" tests="1" name="batchTesting.DemoAnonation" time="0.004" errors="0" timestamp="2022-05-06T01:09:10 IST" skipped="0">
  <testcase classname="batchTesting.DemoAnonation" name="f" time="0.004"/>
  <system-out/>
</testsuite> <!-- batchTesting.DemoAnonation -->
