<?xml version="1.0" encoding="UTF-8"?>
<!-- Generated by org.testng.reporters.JUnitReportReporter -->
<testsuite hostname="POOLW42SLPC6800" failures="0" tests="1" name="batchTesting.ClassC" time="0.001" errors="0" timestamp="2022-05-06T00:02:52 IST" skipped="0">
  <testcase classname="batchTesting.ClassC" name="classC_test1" time="0.001"/>
  <system-out/>
</testsuite> <!-- batchTesting.ClassC -->
