<?xml version="1.0" encoding="UTF-8"?>
<!-- Generated by org.testng.reporters.JUnitReportReporter -->
<testsuite hostname="POOLW42SLPC6800" failures="0" tests="7" name="testNGpractice.AnnotationsDemo" time="48.704" errors="0" timestamp="2022-05-08T23:26:41 IST" skipped="1">
  <testcase classname="testNGpractice.AnnotationsDemo" name="signUp" time="20.194"/>
  <system-out/>
  <testcase classname="testNGpractice.AnnotationsDemo" name="logout" time="6.874"/>
  <system-out/>
  <testcase classname="testNGpractice.AnnotationsDemo" name="checkLogin" time="12.582"/>
  <system-out/>
  <testcase classname="testNGpractice.AnnotationsDemo" name="testCurrentUrl" time="1.510"/>
  <system-out/>
  <testcase classname="testNGpractice.AnnotationsDemo" name="finallogout" time="7.417"/>
  <system-out/>
  <testcase classname="testNGpractice.AnnotationsDemo" name="invocationcountShowCaseMethod" time="0.127"/>
  <system-out/>
  <testcase classname="testNGpractice.AnnotationsDemo" name="skipMethod">
    <skipped/>
  </testcase> <!-- skipMethod -->
  <system-out/>
</testsuite> <!-- testNGpractice.AnnotationsDemo -->
