<?xml version="1.0" encoding="UTF-8"?>
<!-- Generated by org.testng.reporters.JUnitReportReporter -->
<testsuite hostname="POOLW42SLPC6800" failures="0" tests="1" name="batchTesting.ClassA" time="0.006" errors="0" timestamp="2022-05-06T00:02:52 IST" skipped="0">
  <testcase classname="batchTesting.ClassA" name="classA_test1" time="0.006"/>
  <system-out/>
</testsuite> <!-- batchTesting.ClassA -->
