<?xml version="1.0" encoding="UTF-8"?>
<!-- Generated by org.testng.reporters.JUnitReportReporter -->
<testsuite hostname="POOLW42SLPC6800" failures="0" tests="6" name="testNGdemo.TestNGdemo" time="0.012" errors="0" timestamp="2022-05-05T08:19:43 IST" skipped="1">
  <testcase classname="testNGdemo.TestNGdemo" name="testcase3" time="0.002"/>
  <system-out/>
  <testcase classname="testNGdemo.TestNGdemo" name="testcase1" time="0.007"/>
  <system-out/>
  <testcase classname="testNGdemo.TestNGdemo" name="testcase2" time="0.001"/>
  <system-out/>
  <testcase classname="testNGdemo.TestNGdemo" name="testcase6" time="0.002"/>
  <system-out/>
  <testcase classname="testNGdemo.TestNGdemo" name="testcase5" time="0.000"/>
  <system-out/>
  <testcase classname="testNGdemo.TestNGdemo" name="testcase4">
    <skipped/>
  </testcase> <!-- testcase4 -->
  <system-out/>
</testsuite> <!-- testNGdemo.TestNGdemo -->
